<?xml version="1.0" encoding="UTF-8"?>
<testsuite xmlns:xsi="http://www.w3.org/2001/XMLSchema-instance" xsi:noNamespaceSchemaLocation="https://maven.apache.org/surefire/maven-surefire-plugin/xsd/surefire-test-report.xsd" name="org.IA51.Traffic_sim.Traffic_simulation.AppTest" time="0.009" tests="1" errors="0" skipped="0" failures="0">
  <properties>
    <property name="sun.desktop" value="windows"/>
    <property name="awt.toolkit" value="sun.awt.windows.WToolkit"/>
    <property name="file.encoding.pkg" value="sun.io"/>
    <property name="java.specification.version" value="1.8"/>
    <property name="sun.cpu.isalist" value="amd64"/>
    <property name="sun.jnu.encoding" value="Cp1252"/>
    <property name="java.class.path" value="C:\Users\User\Documents\IA51_Project\Traffic_simulation\target\test-classes;C:\Users\User\Documents\IA51_Project\Traffic_simulation\target\classes;C:\Users\User\Documents\env\maven\apache-maven-3.5.3\dl\junit\junit\3.8.1\junit-3.8.1.jar;C:\Users\User\Documents\env\maven\apache-maven-3.5.3\dl\io\sarl\maven\io.sarl.maven.sdk\0.7.2\io.sarl.maven.sdk-0.7.2.jar;C:\Users\User\Documents\env\maven\apache-maven-3.5.3\dl\io\sarl\maven\io.sarl.maven.baselib\0.7.2\io.sarl.maven.baselib-0.7.2.jar;C:\Users\User\Documents\env\maven\apache-maven-3.5.3\dl\io\sarl\lang\io.sarl.lang.core\0.7.2\io.sarl.lang.core-0.7.2.jar;C:\Users\User\Documents\env\maven\apache-maven-3.5.3\dl\org\eclipse\xtext\org.eclipse.xtext.xbase.lib\2.13.0\org.eclipse.xtext.xbase.lib-2.13.0.jar;C:\Users\User\Documents\env\maven\apache-maven-3.5.3\dl\org\eclipse\xtend\org.eclipse.xtend.core\2.13.0\org.eclipse.xtend.core-2.13.0.jar;C:\Users\User\Documents\env\maven\apache-maven-3.5.3\dl\org\eclipse\xtext\org.eclipse.xtext.xbase\2.13.0\org.eclipse.xtext.xbase-2.13.0.jar;C:\Users\User\Documents\env\maven\apache-maven-3.5.3\dl\org\eclipse\xtext\org.eclipse.xtext.common.types\2.13.0\org.eclipse.xtext.common.types-2.13.0.jar;C:\Users\User\Documents\env\maven\apache-maven-3.5.3\dl\org\eclipse\xtext\org.eclipse.xtext\2.13.0\org.eclipse.xtext-2.13.0.jar;C:\Users\User\Documents\env\maven\apache-maven-3.5.3\dl\org\eclipse\xtext\org.eclipse.xtext.util\2.13.0\org.eclipse.xtext.util-2.13.0.jar;C:\Users\User\Documents\env\maven\apache-maven-3.5.3\dl\org\eclipse\emf\org.eclipse.emf.ecore\2.12.0\org.eclipse.emf.ecore-2.12.0.jar;C:\Users\User\Documents\env\maven\apache-maven-3.5.3\dl\org\eclipse\xtend\org.eclipse.xtend.lib\2.13.0\org.eclipse.xtend.lib-2.13.0.jar;C:\Users\User\Documents\env\maven\apache-maven-3.5.3\dl\org\eclipse\xtend\org.eclipse.xtend.lib.macro\2.13.0\org.eclipse.xtend.lib.macro-2.13.0.jar;C:\Users\User\Documents\env\maven\apache-maven-3.5.3\dl\log4j\log4j\1.2.16\log4j-1.2.16.jar;C:\Users\User\Documents\env\maven\apache-maven-3.5.3\dl\org\eclipse\emf\org.eclipse.emf.common\2.12.0\org.eclipse.emf.common-2.12.0.jar;C:\Users\User\Documents\env\maven\apache-maven-3.5.3\dl\org\eclipse\emf\org.eclipse.emf.ecore.xmi\2.12.0\org.eclipse.emf.ecore.xmi-2.12.0.jar;C:\Users\User\Documents\env\maven\apache-maven-3.5.3\dl\org\antlr\antlr-runtime\3.2\antlr-runtime-3.2.jar;C:\Users\User\Documents\env\maven\apache-maven-3.5.3\dl\org\ow2\asm\asm-commons\5.0.1\asm-commons-5.0.1.jar;C:\Users\User\Documents\env\maven\apache-maven-3.5.3\dl\org\ow2\asm\asm-tree\5.0.1\asm-tree-5.0.1.jar;C:\Users\User\Documents\env\maven\apache-maven-3.5.3\dl\org\ow2\asm\asm\5.0.1\asm-5.0.1.jar;C:\Users\User\Documents\env\maven\apache-maven-3.5.3\dl\org\eclipse\jdt\org.eclipse.jdt.core\3.12.2\org.eclipse.jdt.core-3.12.2.jar;C:\Users\User\Documents\env\maven\apache-maven-3.5.3\dl\org\eclipse\platform\org.eclipse.core.resources\3.12.0\org.eclipse.core.resources-3.12.0.jar;C:\Users\User\Documents\env\maven\apache-maven-3.5.3\dl\org\eclipse\platform\org.eclipse.core.expressions\3.6.0\org.eclipse.core.expressions-3.6.0.jar;C:\Users\User\Documents\env\maven\apache-maven-3.5.3\dl\org\eclipse\platform\org.eclipse.core.runtime\3.13.0\org.eclipse.core.runtime-3.13.0.jar;C:\Users\User\Documents\env\maven\apache-maven-3.5.3\dl\org\eclipse\platform\org.eclipse.osgi\3.12.100\org.eclipse.osgi-3.12.100.jar;C:\Users\User\Documents\env\maven\apache-maven-3.5.3\dl\org\eclipse\platform\org.eclipse.equinox.common\3.9.0\org.eclipse.equinox.common-3.9.0.jar;C:\Users\User\Documents\env\maven\apache-maven-3.5.3\dl\org\eclipse\platform\org.eclipse.core.jobs\3.9.3\org.eclipse.core.jobs-3.9.3.jar;C:\Users\User\Documents\env\maven\apache-maven-3.5.3\dl\org\eclipse\platform\org.eclipse.equinox.registry\3.7.0\org.eclipse.equinox.registry-3.7.0.jar;C:\Users\User\Documents\env\maven\apache-maven-3.5.3\dl\org\eclipse\platform\org.eclipse.equinox.preferences\3.7.0\org.eclipse.equinox.preferences-3.7.0.jar;C:\Users\User\Documents\env\maven\apache-maven-3.5.3\dl\org\eclipse\platform\org.eclipse.core.contenttype\3.6.0\org.eclipse.core.contenttype-3.6.0.jar;C:\Users\User\Documents\env\maven\apache-maven-3.5.3\dl\org\eclipse\platform\org.eclipse.equinox.app\1.3.400\org.eclipse.equinox.app-1.3.400.jar;C:\Users\User\Documents\env\maven\apache-maven-3.5.3\dl\org\eclipse\platform\org.eclipse.core.filesystem\1.7.0\org.eclipse.core.filesystem-1.7.0.jar;C:\Users\User\Documents\env\maven\apache-maven-3.5.3\dl\org\eclipse\platform\org.eclipse.text\3.6.100\org.eclipse.text-3.6.100.jar;C:\Users\User\Documents\env\maven\apache-maven-3.5.3\dl\org\eclipse\platform\org.eclipse.core.commands\3.9.0\org.eclipse.core.commands-3.9.0.jar;C:\Users\User\Documents\env\maven\apache-maven-3.5.3\dl\org\eclipse\jdt\org.eclipse.jdt.compiler.apt\1.2.100\org.eclipse.jdt.compiler.apt-1.2.100.jar;C:\Users\User\Documents\env\maven\apache-maven-3.5.3\dl\com\google\guava\guava\18.0\guava-18.0.jar;C:\Users\User\Documents\env\maven\apache-maven-3.5.3\dl\javax\inject\javax.inject\1\javax.inject-1.jar;C:\Users\User\Documents\env\maven\apache-maven-3.5.3\dl\io\sarl\io.sarl.core\0.7.2\io.sarl.core-0.7.2.jar;C:\Users\User\Documents\env\maven\apache-maven-3.5.3\dl\io\sarl\io.sarl.util\0.7.2\io.sarl.util-0.7.2.jar;C:\Users\User\Documents\env\maven\apache-maven-3.5.3\dl\io\sarl\io.sarl.javafx\0.7.2\io.sarl.javafx-0.7.2.jar;C:\Users\User\Documents\env\maven\apache-maven-3.5.3\dl\io\janusproject\io.janusproject.kernel\2.0.6.0\io.janusproject.kernel-2.0.6.0.jar;C:\Users\User\Documents\env\maven\apache-maven-3.5.3\dl\io\janusproject\io.janusproject.plugin\0.6.0\io.janusproject.plugin-0.6.0.jar;C:\Users\User\Documents\env\maven\apache-maven-3.5.3\dl\com\google\inject\extensions\guice-multibindings\4.1.0\guice-multibindings-4.1.0.jar;C:\Users\User\Documents\env\maven\apache-maven-3.5.3\dl\commons-cli\commons-cli\1.4\commons-cli-1.4.jar;C:\Users\User\Documents\env\maven\apache-maven-3.5.3\dl\org\eclipse\osgi\3.10.0-v20140606-1445\osgi-3.10.0-v20140606-1445.jar;C:\Users\User\Documents\env\maven\apache-maven-3.5.3\dl\com\hazelcast\hazelcast\3.9-EA\hazelcast-3.9-EA.jar;C:\Users\User\Documents\env\maven\apache-maven-3.5.3\dl\org\zeromq\jeromq\0.4.2\jeromq-0.4.2.jar;C:\Users\User\Documents\env\maven\apache-maven-3.5.3\dl\org\zeromq\jnacl\0.1.0\jnacl-0.1.0.jar;C:\Users\User\Documents\env\maven\apache-maven-3.5.3\dl\com\google\code\gson\gson\2.8.1\gson-2.8.1.jar;C:\Users\User\Documents\env\maven\apache-maven-3.5.3\dl\com\google\inject\guice\4.1.0\guice-4.1.0.jar;C:\Users\User\Documents\env\maven\apache-maven-3.5.3\dl\aopalliance\aopalliance\1.0\aopalliance-1.0.jar;C:\Users\User\Documents\env\maven\apache-maven-3.5.3\dl\org\arakhne\afc\core\vmutils\13.0\vmutils-13.0.jar;C:\Users\User\Documents\env\maven\apache-maven-3.5.3\dl\org\arakhne\afc\core\util\13.0\util-13.0.jar;"/>
    <property name="java.vm.vendor" value="Oracle Corporation"/>
    <property name="sun.arch.data.model" value="64"/>
    <property name="user.variant" value=""/>
    <property name="java.vendor.url" value="http://java.oracle.com/"/>
    <property name="user.timezone" value=""/>
    <property name="java.vm.specification.version" value="1.8"/>
    <property name="os.name" value="Windows 10"/>
    <property name="user.country" value="FR"/>
    <property name="sun.java.launcher" value="SUN_STANDARD"/>
    <property name="sun.boot.library.path" value="C:\Users\User\Documents\env\java\jdk-8u171\bin"/>
    <property name="sun.java.command" value="C:\Users\User\AppData\Local\Temp\surefire8647543010423573576\surefirebooter2057732965259506246.jar C:\Users\User\AppData\Local\Temp\surefire8647543010423573576 2018-05-12T14-03-32_645-jvmRun1 surefire3402029093394825283tmp surefire_02929334537141824203tmp"/>
    <property name="surefire.test.class.path" value="C:\Users\User\Documents\IA51_Project\Traffic_simulation\target\test-classes;C:\Users\User\Documents\IA51_Project\Traffic_simulation\target\classes;C:\Users\User\Documents\env\maven\apache-maven-3.5.3\dl\junit\junit\3.8.1\junit-3.8.1.jar;C:\Users\User\Documents\env\maven\apache-maven-3.5.3\dl\io\sarl\maven\io.sarl.maven.sdk\0.7.2\io.sarl.maven.sdk-0.7.2.jar;C:\Users\User\Documents\env\maven\apache-maven-3.5.3\dl\io\sarl\maven\io.sarl.maven.baselib\0.7.2\io.sarl.maven.baselib-0.7.2.jar;C:\Users\User\Documents\env\maven\apache-maven-3.5.3\dl\io\sarl\lang\io.sarl.lang.core\0.7.2\io.sarl.lang.core-0.7.2.jar;C:\Users\User\Documents\env\maven\apache-maven-3.5.3\dl\org\eclipse\xtext\org.eclipse.xtext.xbase.lib\2.13.0\org.eclipse.xtext.xbase.lib-2.13.0.jar;C:\Users\User\Documents\env\maven\apache-maven-3.5.3\dl\org\eclipse\xtend\org.eclipse.xtend.core\2.13.0\org.eclipse.xtend.core-2.13.0.jar;C:\Users\User\Documents\env\maven\apache-maven-3.5.3\dl\org\eclipse\xtext\org.eclipse.xtext.xbase\2.13.0\org.eclipse.xtext.xbase-2.13.0.jar;C:\Users\User\Documents\env\maven\apache-maven-3.5.3\dl\org\eclipse\xtext\org.eclipse.xtext.common.types\2.13.0\org.eclipse.xtext.common.types-2.13.0.jar;C:\Users\User\Documents\env\maven\apache-maven-3.5.3\dl\org\eclipse\xtext\org.eclipse.xtext\2.13.0\org.eclipse.xtext-2.13.0.jar;C:\Users\User\Documents\env\maven\apache-maven-3.5.3\dl\org\eclipse\xtext\org.eclipse.xtext.util\2.13.0\org.eclipse.xtext.util-2.13.0.jar;C:\Users\User\Documents\env\maven\apache-maven-3.5.3\dl\org\eclipse\emf\org.eclipse.emf.ecore\2.12.0\org.eclipse.emf.ecore-2.12.0.jar;C:\Users\User\Documents\env\maven\apache-maven-3.5.3\dl\org\eclipse\xtend\org.eclipse.xtend.lib\2.13.0\org.eclipse.xtend.lib-2.13.0.jar;C:\Users\User\Documents\env\maven\apache-maven-3.5.3\dl\org\eclipse\xtend\org.eclipse.xtend.lib.macro\2.13.0\org.eclipse.xtend.lib.macro-2.13.0.jar;C:\Users\User\Documents\env\maven\apache-maven-3.5.3\dl\log4j\log4j\1.2.16\log4j-1.2.16.jar;C:\Users\User\Documents\env\maven\apache-maven-3.5.3\dl\org\eclipse\emf\org.eclipse.emf.common\2.12.0\org.eclipse.emf.common-2.12.0.jar;C:\Users\User\Documents\env\maven\apache-maven-3.5.3\dl\org\eclipse\emf\org.eclipse.emf.ecore.xmi\2.12.0\org.eclipse.emf.ecore.xmi-2.12.0.jar;C:\Users\User\Documents\env\maven\apache-maven-3.5.3\dl\org\antlr\antlr-runtime\3.2\antlr-runtime-3.2.jar;C:\Users\User\Documents\env\maven\apache-maven-3.5.3\dl\org\ow2\asm\asm-commons\5.0.1\asm-commons-5.0.1.jar;C:\Users\User\Documents\env\maven\apache-maven-3.5.3\dl\org\ow2\asm\asm-tree\5.0.1\asm-tree-5.0.1.jar;C:\Users\User\Documents\env\maven\apache-maven-3.5.3\dl\org\ow2\asm\asm\5.0.1\asm-5.0.1.jar;C:\Users\User\Documents\env\maven\apache-maven-3.5.3\dl\org\eclipse\jdt\org.eclipse.jdt.core\3.12.2\org.eclipse.jdt.core-3.12.2.jar;C:\Users\User\Documents\env\maven\apache-maven-3.5.3\dl\org\eclipse\platform\org.eclipse.core.resources\3.12.0\org.eclipse.core.resources-3.12.0.jar;C:\Users\User\Documents\env\maven\apache-maven-3.5.3\dl\org\eclipse\platform\org.eclipse.core.expressions\3.6.0\org.eclipse.core.expressions-3.6.0.jar;C:\Users\User\Documents\env\maven\apache-maven-3.5.3\dl\org\eclipse\platform\org.eclipse.core.runtime\3.13.0\org.eclipse.core.runtime-3.13.0.jar;C:\Users\User\Documents\env\maven\apache-maven-3.5.3\dl\org\eclipse\platform\org.eclipse.osgi\3.12.100\org.eclipse.osgi-3.12.100.jar;C:\Users\User\Documents\env\maven\apache-maven-3.5.3\dl\org\eclipse\platform\org.eclipse.equinox.common\3.9.0\org.eclipse.equinox.common-3.9.0.jar;C:\Users\User\Documents\env\maven\apache-maven-3.5.3\dl\org\eclipse\platform\org.eclipse.core.jobs\3.9.3\org.eclipse.core.jobs-3.9.3.jar;C:\Users\User\Documents\env\maven\apache-maven-3.5.3\dl\org\eclipse\platform\org.eclipse.equinox.registry\3.7.0\org.eclipse.equinox.registry-3.7.0.jar;C:\Users\User\Documents\env\maven\apache-maven-3.5.3\dl\org\eclipse\platform\org.eclipse.equinox.preferences\3.7.0\org.eclipse.equinox.preferences-3.7.0.jar;C:\Users\User\Documents\env\maven\apache-maven-3.5.3\dl\org\eclipse\platform\org.eclipse.core.contenttype\3.6.0\org.eclipse.core.contenttype-3.6.0.jar;C:\Users\User\Documents\env\maven\apache-maven-3.5.3\dl\org\eclipse\platform\org.eclipse.equinox.app\1.3.400\org.eclipse.equinox.app-1.3.400.jar;C:\Users\User\Documents\env\maven\apache-maven-3.5.3\dl\org\eclipse\platform\org.eclipse.core.filesystem\1.7.0\org.eclipse.core.filesystem-1.7.0.jar;C:\Users\User\Documents\env\maven\apache-maven-3.5.3\dl\org\eclipse\platform\org.eclipse.text\3.6.100\org.eclipse.text-3.6.100.jar;C:\Users\User\Documents\env\maven\apache-maven-3.5.3\dl\org\eclipse\platform\org.eclipse.core.commands\3.9.0\org.eclipse.core.commands-3.9.0.jar;C:\Users\User\Documents\env\maven\apache-maven-3.5.3\dl\org\eclipse\jdt\org.eclipse.jdt.compiler.apt\1.2.100\org.eclipse.jdt.compiler.apt-1.2.100.jar;C:\Users\User\Documents\env\maven\apache-maven-3.5.3\dl\com\google\guava\guava\18.0\guava-18.0.jar;C:\Users\User\Documents\env\maven\apache-maven-3.5.3\dl\javax\inject\javax.inject\1\javax.inject-1.jar;C:\Users\User\Documents\env\maven\apache-maven-3.5.3\dl\io\sarl\io.sarl.core\0.7.2\io.sarl.core-0.7.2.jar;C:\Users\User\Documents\env\maven\apache-maven-3.5.3\dl\io\sarl\io.sarl.util\0.7.2\io.sarl.util-0.7.2.jar;C:\Users\User\Documents\env\maven\apache-maven-3.5.3\dl\io\sarl\io.sarl.javafx\0.7.2\io.sarl.javafx-0.7.2.jar;C:\Users\User\Documents\env\maven\apache-maven-3.5.3\dl\io\janusproject\io.janusproject.kernel\2.0.6.0\io.janusproject.kernel-2.0.6.0.jar;C:\Users\User\Documents\env\maven\apache-maven-3.5.3\dl\io\janusproject\io.janusproject.plugin\0.6.0\io.janusproject.plugin-0.6.0.jar;C:\Users\User\Documents\env\maven\apache-maven-3.5.3\dl\com\google\inject\extensions\guice-multibindings\4.1.0\guice-multibindings-4.1.0.jar;C:\Users\User\Documents\env\maven\apache-maven-3.5.3\dl\commons-cli\commons-cli\1.4\commons-cli-1.4.jar;C:\Users\User\Documents\env\maven\apache-maven-3.5.3\dl\org\eclipse\osgi\3.10.0-v20140606-1445\osgi-3.10.0-v20140606-1445.jar;C:\Users\User\Documents\env\maven\apache-maven-3.5.3\dl\com\hazelcast\hazelcast\3.9-EA\hazelcast-3.9-EA.jar;C:\Users\User\Documents\env\maven\apache-maven-3.5.3\dl\org\zeromq\jeromq\0.4.2\jeromq-0.4.2.jar;C:\Users\User\Documents\env\maven\apache-maven-3.5.3\dl\org\zeromq\jnacl\0.1.0\jnacl-0.1.0.jar;C:\Users\User\Documents\env\maven\apache-maven-3.5.3\dl\com\google\code\gson\gson\2.8.1\gson-2.8.1.jar;C:\Users\User\Documents\env\maven\apache-maven-3.5.3\dl\com\google\inject\guice\4.1.0\guice-4.1.0.jar;C:\Users\User\Documents\env\maven\apache-maven-3.5.3\dl\aopalliance\aopalliance\1.0\aopalliance-1.0.jar;C:\Users\User\Documents\env\maven\apache-maven-3.5.3\dl\org\arakhne\afc\core\vmutils\13.0\vmutils-13.0.jar;C:\Users\User\Documents\env\maven\apache-maven-3.5.3\dl\org\arakhne\afc\core\util\13.0\util-13.0.jar;"/>
    <property name="sun.cpu.endian" value="little"/>
    <property name="user.home" value="C:\Users\User"/>
    <property name="user.language" value="fr"/>
    <property name="java.specification.vendor" value="Oracle Corporation"/>
    <property name="java.home" value="C:\Users\User\Documents\env\java\jdk-8u171"/>
    <property name="basedir" value="C:\Users\User\Documents\IA51_Project\Traffic_simulation"/>
    <property name="file.separator" value="\"/>
    <property name="line.separator" value="&#10;"/>
    <property name="java.vm.specification.vendor" value="Oracle Corporation"/>
    <property name="java.specification.name" value="Java Platform API Specification"/>
    <property name="java.awt.graphicsenv" value="sun.awt.Win32GraphicsEnvironment"/>
    <property name="surefire.real.class.path" value="C:\Users\User\AppData\Local\Temp\surefire8647543010423573576\surefirebooter2057732965259506246.jar"/>
    <property name="sun.boot.class.path" value="C:\Users\User\Documents\env\java\jdk-8u171\lib\resources.jar;C:\Users\User\Documents\env\java\jdk-8u171\lib\rt.jar;C:\Users\User\Documents\env\java\jdk-8u171\lib\sunrsasign.jar;C:\Users\User\Documents\env\java\jdk-8u171\lib\jsse.jar;C:\Users\User\Documents\env\java\jdk-8u171\lib\jce.jar;C:\Users\User\Documents\env\java\jdk-8u171\lib\charsets.jar;C:\Users\User\Documents\env\java\jdk-8u171\lib\jfr.jar;C:\Users\User\Documents\env\java\jdk-8u171\classes"/>
    <property name="user.script" value=""/>
    <property name="sun.management.compiler" value="HotSpot 64-Bit Tiered Compilers"/>
    <property name="java.runtime.version" value="1.8.0_171-b11"/>
    <property name="user.name" value="User"/>
    <property name="path.separator" value=";"/>
    <property name="os.version" value="10.0"/>
    <property name="java.endorsed.dirs" value="C:\Users\User\Documents\env\java\jdk-8u171\lib\endorsed"/>
    <property name="java.runtime.name" value="Java(TM) SE Runtime Environment"/>
    <property name="file.encoding" value="Cp1252"/>
    <property name="java.vm.name" value="Java HotSpot(TM) 64-Bit Server VM"/>
    <property name="localRepository" value="C:\Users\User\Documents\env\maven\apache-maven-3.5.3\dl"/>
    <property name="java.vendor.url.bug" value="http://bugreport.sun.com/bugreport/"/>
    <property name="java.io.tmpdir" value="C:\Users\User\AppData\Local\Temp\"/>
    <property name="java.version" value="1.8.0_171"/>
    <property name="user.dir" value="C:\Users\User\Documents\IA51_Project\Traffic_simulation"/>
    <property name="os.arch" value="amd64"/>
    <property name="java.vm.specification.name" value="Java Virtual Machine Specification"/>
    <property name="java.awt.printerjob" value="sun.awt.windows.WPrinterJob"/>
    <property name="sun.os.patch.level" value=""/>
    <property name="java.library.path" value="C:\Users\User\Documents\env\java\jdk-8u171\bin;C:\WINDOWS\Sun\Java\bin;C:\WINDOWS\system32;C:\WINDOWS;C:\Program Files (x86)\Common Files\Oracle\Java\javapath;C:\ProgramData\Oracle\Java\javapath;C:\Program Files (x86)\Lenovo\FusionEngine;C:\Windows\system32;C:\Windows;C:\Windows\System32\Wbem;C:\Windows\System32\WindowsPowerShell\v1.0\;C:\Program Files (x86)\Common Files\lenovo\easyplussdk\bin;C:\Program Files (x86)\NVIDIA Corporation\PhysX\Common;C:\Program Files\Intel\WiFi\bin\;C:\Program Files\Common Files\Intel\WirelessCommon\;C:\WINDOWS\system32;C:\WINDOWS;C:\WINDOWS\System32\Wbem;C:\WINDOWS\System32\WindowsPowerShell\v1.0\;C:\Users\User\AppData\Local\Microsoft\WindowsApps;C:\Users\User\AppData\Local\atom\bin;C:\Users\User\Documents\env\java\jdk-8u171\bin;C:\Users\User\Documents\env\maven\apache-maven-3.5.3\bin;;."/>
    <property name="java.vm.info" value="mixed mode"/>
    <property name="java.vendor" value="Oracle Corporation"/>
    <property name="java.vm.version" value="25.171-b11"/>
    <property name="java.ext.dirs" value="C:\Users\User\Documents\env\java\jdk-8u171\lib\ext;C:\WINDOWS\Sun\Java\lib\ext"/>
    <property name="sun.io.unicode.encoding" value="UnicodeLittle"/>
    <property name="java.class.version" value="52.0"/>
  </properties>
  <testcase name="testApp" classname="org.IA51.Traffic_sim.Traffic_simulation.AppTest" time="0"/>
</testsuite>